<?xml version="1.0" encoding="UTF-8"?>
<!-- Generated by org.testng.reporters.JUnitReportReporter -->
<testsuite skipped="0" hostname="DELL" name="GoogleMap.WeatherApi.FlightSchedule" tests="2" failures="0" timestamp="08 Oct 2018 04:57:11 GMT" time="5.923" errors="0">
  <testcase name="test_04" time="2.116" classname="GoogleMap.WeatherApi.FlightSchedule"/>
  <testcase name="test_03" time="3.807" classname="GoogleMap.WeatherApi.FlightSchedule"/>
</testsuite> <!-- GoogleMap.WeatherApi.FlightSchedule -->
