<?xml version="1.0" encoding="UTF-8"?>
<!-- Generated by org.testng.reporters.JUnitReportReporter -->
<testsuite skipped="0" hostname="DELL" name="GoogleMap.WeatherApi.JSONServerRequest" tests="1" failures="0" timestamp="23 Aug 2018 06:56:59 GMT" time="3.934" errors="0">
  <testcase name="test_11" time="3.934" classname="GoogleMap.WeatherApi.JSONServerRequest"/>
</testsuite> <!-- GoogleMap.WeatherApi.JSONServerRequest -->
