<?xml version="1.0" encoding="UTF-8"?>
<!-- Generated by org.testng.reporters.JUnitReportReporter -->
<testsuite skipped="0" hostname="DELL" name="GoogleMap.WeatherApi.AgencyAutoFlightScheduleRequest" tests="1" failures="0" timestamp="28 Aug 2018 12:57:40 GMT" time="2.299" errors="0">
  <testcase name="test_01" time="2.299" classname="GoogleMap.WeatherApi.AgencyAutoFlightScheduleRequest"/>
</testsuite> <!-- GoogleMap.WeatherApi.AgencyAutoFlightScheduleRequest -->
