<?xml version="1.0" encoding="UTF-8"?>
<!-- Generated by org.testng.reporters.JUnitReportReporter -->
<testsuite skipped="0" hostname="DELL" name="GoogleMap.WeatherApi.WeatherGetRequest" tests="3" failures="0" timestamp="01 Aug 2018 09:03:41 GMT" time="4.025" errors="0">
  <testcase name="test_02" time="0.370" classname="GoogleMap.WeatherApi.WeatherGetRequest"/>
  <testcase name="test_01" time="3.309" classname="GoogleMap.WeatherApi.WeatherGetRequest"/>
  <testcase name="test_03" time="0.346" classname="GoogleMap.WeatherApi.WeatherGetRequest"/>
</testsuite> <!-- GoogleMap.WeatherApi.WeatherGetRequest -->
