<?xml version="1.0" encoding="UTF-8"?>
<!-- Generated by org.testng.reporters.JUnitReportReporter -->
<testsuite skipped="0" hostname="DELL" name="GoogleMap.WeatherApi.XMLServerRequest" tests="1" failures="0" timestamp="24 Aug 2018 10:08:14 GMT" time="3.906" errors="0">
  <testcase name="test_03" time="3.906" classname="GoogleMap.WeatherApi.XMLServerRequest"/>
</testsuite> <!-- GoogleMap.WeatherApi.XMLServerRequest -->
